2025-02-12 16:48:44,900 [Worker-2: Loading available Gradle versions] INFO  o.e.b.c.i.u.g.PublishedGradleVersions - Gradle version information cache is up-to-date. Trying to read.
2025-02-12 16:51:45,944 [ModalContext] INFO  o.e.m.c.i.e.AbstractTransferListenerAdapter - Downloading https://repo.maven.apache.org/maven2/org/apache/maven/archetypes/maven-archetype-quickstart/1.5/maven-archetype-quickstart-1.5.pom
2025-02-12 16:51:45,963 [ModalContext] INFO  o.e.m.c.i.e.AbstractTransferListenerAdapter - Downloaded https://repo.maven.apache.org/maven2/org/apache/maven/archetypes/maven-archetype-quickstart/1.5/maven-archetype-quickstart-1.5.pom
2025-02-12 16:51:46,063 [ModalContext] INFO  o.e.m.c.i.e.AbstractTransferListenerAdapter - Downloading https://repo.maven.apache.org/maven2/org/apache/maven/archetypes/maven-archetype-bundles/1.5/maven-archetype-bundles-1.5.pom
2025-02-12 16:51:46,067 [ModalContext] INFO  o.e.m.c.i.e.AbstractTransferListenerAdapter - Downloaded https://repo.maven.apache.org/maven2/org/apache/maven/archetypes/maven-archetype-bundles/1.5/maven-archetype-bundles-1.5.pom
2025-02-12 16:51:46,148 [ModalContext] INFO  o.e.m.c.i.e.AbstractTransferListenerAdapter - Downloading https://repo.maven.apache.org/maven2/org/apache/maven/archetypes/maven-archetype-quickstart/1.5/maven-archetype-quickstart-1.5.jar
2025-02-12 16:51:46,156 [ModalContext] INFO  o.e.m.c.i.e.AbstractTransferListenerAdapter - Downloaded https://repo.maven.apache.org/maven2/org/apache/maven/archetypes/maven-archetype-quickstart/1.5/maven-archetype-quickstart-1.5.jar
2025-02-12 16:53:17,697 [Worker-18: Launching mavenrun-6df49c96-095d-4d1e-bd94-6cf011cafcba] INFO  o.eclipse.m2e.core.internal.Bundles - getClasspathEntries(Bundle=org.eclipse.m2e.maven.runtime_3.9.700.20240602-2313 [292])
2025-02-12 16:53:17,699 [Worker-18: Launching mavenrun-6df49c96-095d-4d1e-bd94-6cf011cafcba] INFO  o.eclipse.m2e.core.internal.Bundles - 	Entry: /home/oem/.p2/pool/plugins/org.eclipse.m2e.maven.runtime_3.9.700.20240602-2313
2025-02-12 16:53:17,699 [Worker-18: Launching mavenrun-6df49c96-095d-4d1e-bd94-6cf011cafcba] INFO  o.eclipse.m2e.core.internal.Bundles - 	Entry: /home/oem/.p2/pool/plugins/org.eclipse.m2e.maven.runtime_3.9.700.20240602-2313/jars/aopalliance-1.0.jar
2025-02-12 16:53:17,699 [Worker-18: Launching mavenrun-6df49c96-095d-4d1e-bd94-6cf011cafcba] INFO  o.eclipse.m2e.core.internal.Bundles - 	Entry: /home/oem/.p2/pool/plugins/org.eclipse.m2e.maven.runtime_3.9.700.20240602-2313/jars/guice-5.1.0.jar
2025-02-12 16:53:17,699 [Worker-18: Launching mavenrun-6df49c96-095d-4d1e-bd94-6cf011cafcba] INFO  o.eclipse.m2e.core.internal.Bundles - 	Entry: /home/oem/.p2/pool/plugins/org.eclipse.m2e.maven.runtime_3.9.700.20240602-2313/jars/httpclient-4.5.14.jar
2025-02-12 16:53:17,699 [Worker-18: Launching mavenrun-6df49c96-095d-4d1e-bd94-6cf011cafcba] INFO  o.eclipse.m2e.core.internal.Bundles - 	Entry: /home/oem/.p2/pool/plugins/org.eclipse.m2e.maven.runtime_3.9.700.20240602-2313/jars/httpcore-4.4.16.jar
2025-02-12 16:53:17,699 [Worker-18: Launching mavenrun-6df49c96-095d-4d1e-bd94-6cf011cafcba] INFO  o.eclipse.m2e.core.internal.Bundles - 	Entry: /home/oem/.p2/pool/plugins/org.eclipse.m2e.maven.runtime_3.9.700.20240602-2313/jars/jansi-2.4.1.jar
2025-02-12 16:53:17,699 [Worker-18: Launching mavenrun-6df49c96-095d-4d1e-bd94-6cf011cafcba] INFO  o.eclipse.m2e.core.internal.Bundles - 	Entry: /home/oem/.p2/pool/plugins/org.eclipse.m2e.maven.runtime_3.9.700.20240602-2313/jars/jcl-over-slf4j-1.7.36.jar
2025-02-12 16:53:17,699 [Worker-18: Launching mavenrun-6df49c96-095d-4d1e-bd94-6cf011cafcba] INFO  o.eclipse.m2e.core.internal.Bundles - 	Entry: /home/oem/.p2/pool/plugins/org.eclipse.m2e.maven.runtime_3.9.700.20240602-2313/jars/maven-artifact-3.9.7.jar
2025-02-12 16:53:17,699 [Worker-18: Launching mavenrun-6df49c96-095d-4d1e-bd94-6cf011cafcba] INFO  o.eclipse.m2e.core.internal.Bundles - 	Entry: /home/oem/.p2/pool/plugins/org.eclipse.m2e.maven.runtime_3.9.700.20240602-2313/jars/maven-builder-support-3.9.7.jar
2025-02-12 16:53:17,699 [Worker-18: Launching mavenrun-6df49c96-095d-4d1e-bd94-6cf011cafcba] INFO  o.eclipse.m2e.core.internal.Bundles - 	Entry: /home/oem/.p2/pool/plugins/org.eclipse.m2e.maven.runtime_3.9.700.20240602-2313/jars/maven-compat-3.9.7.jar
2025-02-12 16:53:17,700 [Worker-18: Launching mavenrun-6df49c96-095d-4d1e-bd94-6cf011cafcba] INFO  o.eclipse.m2e.core.internal.Bundles - 	Entry: /home/oem/.p2/pool/plugins/org.eclipse.m2e.maven.runtime_3.9.700.20240602-2313/jars/maven-core-3.9.7.jar
2025-02-12 16:53:17,700 [Worker-18: Launching mavenrun-6df49c96-095d-4d1e-bd94-6cf011cafcba] INFO  o.eclipse.m2e.core.internal.Bundles - 	Entry: /home/oem/.p2/pool/plugins/org.eclipse.m2e.maven.runtime_3.9.700.20240602-2313/jars/maven-embedder-3.9.7.jar
2025-02-12 16:53:17,700 [Worker-18: Launching mavenrun-6df49c96-095d-4d1e-bd94-6cf011cafcba] INFO  o.eclipse.m2e.core.internal.Bundles - 	Entry: /home/oem/.p2/pool/plugins/org.eclipse.m2e.maven.runtime_3.9.700.20240602-2313/jars/maven-model-3.9.7.jar
2025-02-12 16:53:17,700 [Worker-18: Launching mavenrun-6df49c96-095d-4d1e-bd94-6cf011cafcba] INFO  o.eclipse.m2e.core.internal.Bundles - 	Entry: /home/oem/.p2/pool/plugins/org.eclipse.m2e.maven.runtime_3.9.700.20240602-2313/jars/maven-model-builder-3.9.7.jar
2025-02-12 16:53:17,700 [Worker-18: Launching mavenrun-6df49c96-095d-4d1e-bd94-6cf011cafcba] INFO  o.eclipse.m2e.core.internal.Bundles - 	Entry: /home/oem/.p2/pool/plugins/org.eclipse.m2e.maven.runtime_3.9.700.20240602-2313/jars/maven-plugin-api-3.9.7.jar
2025-02-12 16:53:17,700 [Worker-18: Launching mavenrun-6df49c96-095d-4d1e-bd94-6cf011cafcba] INFO  o.eclipse.m2e.core.internal.Bundles - 	Entry: /home/oem/.p2/pool/plugins/org.eclipse.m2e.maven.runtime_3.9.700.20240602-2313/jars/maven-repository-metadata-3.9.7.jar
2025-02-12 16:53:17,700 [Worker-18: Launching mavenrun-6df49c96-095d-4d1e-bd94-6cf011cafcba] INFO  o.eclipse.m2e.core.internal.Bundles - 	Entry: /home/oem/.p2/pool/plugins/org.eclipse.m2e.maven.runtime_3.9.700.20240602-2313/jars/maven-resolver-api-1.9.20.jar
2025-02-12 16:53:17,700 [Worker-18: Launching mavenrun-6df49c96-095d-4d1e-bd94-6cf011cafcba] INFO  o.eclipse.m2e.core.internal.Bundles - 	Entry: /home/oem/.p2/pool/plugins/org.eclipse.m2e.maven.runtime_3.9.700.20240602-2313/jars/maven-resolver-connector-basic-1.9.20.jar
2025-02-12 16:53:17,700 [Worker-18: Launching mavenrun-6df49c96-095d-4d1e-bd94-6cf011cafcba] INFO  o.eclipse.m2e.core.internal.Bundles - 	Entry: /home/oem/.p2/pool/plugins/org.eclipse.m2e.maven.runtime_3.9.700.20240602-2313/jars/maven-resolver-impl-1.9.20.jar
2025-02-12 16:53:17,700 [Worker-18: Launching mavenrun-6df49c96-095d-4d1e-bd94-6cf011cafcba] INFO  o.eclipse.m2e.core.internal.Bundles - 	Entry: /home/oem/.p2/pool/plugins/org.eclipse.m2e.maven.runtime_3.9.700.20240602-2313/jars/maven-resolver-named-locks-1.9.20.jar
2025-02-12 16:53:17,700 [Worker-18: Launching mavenrun-6df49c96-095d-4d1e-bd94-6cf011cafcba] INFO  o.eclipse.m2e.core.internal.Bundles - 	Entry: /home/oem/.p2/pool/plugins/org.eclipse.m2e.maven.runtime_3.9.700.20240602-2313/jars/maven-resolver-provider-3.9.7.jar
2025-02-12 16:53:17,700 [Worker-18: Launching mavenrun-6df49c96-095d-4d1e-bd94-6cf011cafcba] INFO  o.eclipse.m2e.core.internal.Bundles - 	Entry: /home/oem/.p2/pool/plugins/org.eclipse.m2e.maven.runtime_3.9.700.20240602-2313/jars/maven-resolver-spi-1.9.20.jar
2025-02-12 16:53:17,700 [Worker-18: Launching mavenrun-6df49c96-095d-4d1e-bd94-6cf011cafcba] INFO  o.eclipse.m2e.core.internal.Bundles - 	Entry: /home/oem/.p2/pool/plugins/org.eclipse.m2e.maven.runtime_3.9.700.20240602-2313/jars/maven-resolver-transport-file-1.9.20.jar
2025-02-12 16:53:17,700 [Worker-18: Launching mavenrun-6df49c96-095d-4d1e-bd94-6cf011cafcba] INFO  o.eclipse.m2e.core.internal.Bundles - 	Entry: /home/oem/.p2/pool/plugins/org.eclipse.m2e.maven.runtime_3.9.700.20240602-2313/jars/maven-resolver-transport-http-1.9.20.jar
2025-02-12 16:53:17,700 [Worker-18: Launching mavenrun-6df49c96-095d-4d1e-bd94-6cf011cafcba] INFO  o.eclipse.m2e.core.internal.Bundles - 	Entry: /home/oem/.p2/pool/plugins/org.eclipse.m2e.maven.runtime_3.9.700.20240602-2313/jars/maven-resolver-transport-wagon-1.9.20.jar
2025-02-12 16:53:17,700 [Worker-18: Launching mavenrun-6df49c96-095d-4d1e-bd94-6cf011cafcba] INFO  o.eclipse.m2e.core.internal.Bundles - 	Entry: /home/oem/.p2/pool/plugins/org.eclipse.m2e.maven.runtime_3.9.700.20240602-2313/jars/maven-resolver-util-1.9.20.jar
2025-02-12 16:53:17,701 [Worker-18: Launching mavenrun-6df49c96-095d-4d1e-bd94-6cf011cafcba] INFO  o.eclipse.m2e.core.internal.Bundles - 	Entry: /home/oem/.p2/pool/plugins/org.eclipse.m2e.maven.runtime_3.9.700.20240602-2313/jars/maven-settings-3.9.7.jar
2025-02-12 16:53:17,701 [Worker-18: Launching mavenrun-6df49c96-095d-4d1e-bd94-6cf011cafcba] INFO  o.eclipse.m2e.core.internal.Bundles - 	Entry: /home/oem/.p2/pool/plugins/org.eclipse.m2e.maven.runtime_3.9.700.20240602-2313/jars/maven-settings-builder-3.9.7.jar
2025-02-12 16:53:17,701 [Worker-18: Launching mavenrun-6df49c96-095d-4d1e-bd94-6cf011cafcba] INFO  o.eclipse.m2e.core.internal.Bundles - 	Entry: /home/oem/.p2/pool/plugins/org.eclipse.m2e.maven.runtime_3.9.700.20240602-2313/jars/maven-shared-utils-3.4.2.jar
2025-02-12 16:53:17,701 [Worker-18: Launching mavenrun-6df49c96-095d-4d1e-bd94-6cf011cafcba] INFO  o.eclipse.m2e.core.internal.Bundles - 	Entry: /home/oem/.p2/pool/plugins/org.eclipse.m2e.maven.runtime_3.9.700.20240602-2313/jars/org.eclipse.sisu.inject-0.9.0.M2.jar
2025-02-12 16:53:17,701 [Worker-18: Launching mavenrun-6df49c96-095d-4d1e-bd94-6cf011cafcba] INFO  o.eclipse.m2e.core.internal.Bundles - 	Entry: /home/oem/.p2/pool/plugins/org.eclipse.m2e.maven.runtime_3.9.700.20240602-2313/jars/org.eclipse.sisu.plexus-0.9.0.M2.jar
2025-02-12 16:53:17,701 [Worker-18: Launching mavenrun-6df49c96-095d-4d1e-bd94-6cf011cafcba] INFO  o.eclipse.m2e.core.internal.Bundles - 	Entry: /home/oem/.p2/pool/plugins/org.eclipse.m2e.maven.runtime_3.9.700.20240602-2313/jars/plexus-build-api-0.0.7.jar
2025-02-12 16:53:17,701 [Worker-18: Launching mavenrun-6df49c96-095d-4d1e-bd94-6cf011cafcba] INFO  o.eclipse.m2e.core.internal.Bundles - 	Entry: /home/oem/.p2/pool/plugins/org.eclipse.m2e.maven.runtime_3.9.700.20240602-2313/jars/plexus-build-api-1.2.0.jar
2025-02-12 16:53:17,701 [Worker-18: Launching mavenrun-6df49c96-095d-4d1e-bd94-6cf011cafcba] INFO  o.eclipse.m2e.core.internal.Bundles - 	Entry: /home/oem/.p2/pool/plugins/org.eclipse.m2e.maven.runtime_3.9.700.20240602-2313/jars/plexus-cipher-2.0.jar
2025-02-12 16:53:17,701 [Worker-18: Launching mavenrun-6df49c96-095d-4d1e-bd94-6cf011cafcba] INFO  o.eclipse.m2e.core.internal.Bundles - 	Entry: /home/oem/.p2/pool/plugins/org.eclipse.m2e.maven.runtime_3.9.700.20240602-2313/jars/plexus-classworlds-2.8.0.jar
2025-02-12 16:53:17,701 [Worker-18: Launching mavenrun-6df49c96-095d-4d1e-bd94-6cf011cafcba] INFO  o.eclipse.m2e.core.internal.Bundles - 	Entry: /home/oem/.p2/pool/plugins/org.eclipse.m2e.maven.runtime_3.9.700.20240602-2313/jars/plexus-component-annotations-2.1.0.jar
2025-02-12 16:53:17,701 [Worker-18: Launching mavenrun-6df49c96-095d-4d1e-bd94-6cf011cafcba] INFO  o.eclipse.m2e.core.internal.Bundles - 	Entry: /home/oem/.p2/pool/plugins/org.eclipse.m2e.maven.runtime_3.9.700.20240602-2313/jars/plexus-interpolation-1.27.jar
2025-02-12 16:53:17,701 [Worker-18: Launching mavenrun-6df49c96-095d-4d1e-bd94-6cf011cafcba] INFO  o.eclipse.m2e.core.internal.Bundles - 	Entry: /home/oem/.p2/pool/plugins/org.eclipse.m2e.maven.runtime_3.9.700.20240602-2313/jars/plexus-sec-dispatcher-2.0.jar
2025-02-12 16:53:17,701 [Worker-18: Launching mavenrun-6df49c96-095d-4d1e-bd94-6cf011cafcba] INFO  o.eclipse.m2e.core.internal.Bundles - 	Entry: /home/oem/.p2/pool/plugins/org.eclipse.m2e.maven.runtime_3.9.700.20240602-2313/jars/plexus-utils-3.5.1.jar
2025-02-12 16:53:17,701 [Worker-18: Launching mavenrun-6df49c96-095d-4d1e-bd94-6cf011cafcba] INFO  o.eclipse.m2e.core.internal.Bundles - 	Entry: /home/oem/.p2/pool/plugins/org.eclipse.m2e.maven.runtime_3.9.700.20240602-2313/jars/wagon-file-3.5.3.jar
2025-02-12 16:53:17,701 [Worker-18: Launching mavenrun-6df49c96-095d-4d1e-bd94-6cf011cafcba] INFO  o.eclipse.m2e.core.internal.Bundles - 	Entry: /home/oem/.p2/pool/plugins/org.eclipse.m2e.maven.runtime_3.9.700.20240602-2313/jars/wagon-http-3.5.3.jar
2025-02-12 16:53:17,701 [Worker-18: Launching mavenrun-6df49c96-095d-4d1e-bd94-6cf011cafcba] INFO  o.eclipse.m2e.core.internal.Bundles - 	Entry: /home/oem/.p2/pool/plugins/org.eclipse.m2e.maven.runtime_3.9.700.20240602-2313/jars/wagon-http-shared-3.5.3.jar
2025-02-12 16:53:17,702 [Worker-18: Launching mavenrun-6df49c96-095d-4d1e-bd94-6cf011cafcba] INFO  o.eclipse.m2e.core.internal.Bundles - 	Entry: /home/oem/.p2/pool/plugins/org.eclipse.m2e.maven.runtime_3.9.700.20240602-2313/jars/wagon-provider-api-3.5.3.jar
2025-02-12 16:53:17,703 [Worker-18: Launching mavenrun-6df49c96-095d-4d1e-bd94-6cf011cafcba] INFO  o.eclipse.m2e.core.internal.Bundles - getClasspathEntries(Bundle=com.google.guava_33.2.0.jre [10])
2025-02-12 16:53:17,703 [Worker-18: Launching mavenrun-6df49c96-095d-4d1e-bd94-6cf011cafcba] INFO  o.eclipse.m2e.core.internal.Bundles - 	Entry: /home/oem/.p2/pool/plugins/com.google.guava_33.2.0.jre.jar
2025-02-12 16:53:17,703 [Worker-18: Launching mavenrun-6df49c96-095d-4d1e-bd94-6cf011cafcba] INFO  o.eclipse.m2e.core.internal.Bundles - getClasspathEntries(Bundle=slf4j.api_2.0.16 [512])
2025-02-12 16:53:17,703 [Worker-18: Launching mavenrun-6df49c96-095d-4d1e-bd94-6cf011cafcba] INFO  o.eclipse.m2e.core.internal.Bundles - 	Entry: /home/oem/.p2/pool/plugins/slf4j.api_2.0.16.jar
2025-02-12 16:53:17,703 [Worker-18: Launching mavenrun-6df49c96-095d-4d1e-bd94-6cf011cafcba] INFO  o.eclipse.m2e.core.internal.Bundles - getClasspathEntries(Bundle=jakarta.inject.jakarta.inject-api_1.0.5 [21])
2025-02-12 16:53:17,703 [Worker-18: Launching mavenrun-6df49c96-095d-4d1e-bd94-6cf011cafcba] INFO  o.eclipse.m2e.core.internal.Bundles - 	Entry: /home/oem/.p2/pool/plugins/jakarta.inject.jakarta.inject-api_1.0.5.jar
2025-02-12 16:53:17,703 [Worker-18: Launching mavenrun-6df49c96-095d-4d1e-bd94-6cf011cafcba] INFO  o.eclipse.m2e.core.internal.Bundles - getClasspathEntries(Bundle=javax.annotation_1.3.5.v20200909-1856 [24])
2025-02-12 16:53:17,704 [Worker-18: Launching mavenrun-6df49c96-095d-4d1e-bd94-6cf011cafcba] INFO  o.eclipse.m2e.core.internal.Bundles - 	Entry: /home/oem/.p2/pool/plugins/javax.annotation_1.3.5.v20200909-1856.jar
2025-02-12 16:53:17,704 [Worker-18: Launching mavenrun-6df49c96-095d-4d1e-bd94-6cf011cafcba] INFO  o.eclipse.m2e.core.internal.Bundles - getClasspathEntries(Bundle=org.apache.commons.cli_1.8.0 [47])
2025-02-12 16:53:17,704 [Worker-18: Launching mavenrun-6df49c96-095d-4d1e-bd94-6cf011cafcba] INFO  o.eclipse.m2e.core.internal.Bundles - 	Entry: /home/oem/.p2/pool/plugins/org.apache.commons.cli_1.8.0.jar
2025-02-12 16:53:17,704 [Worker-18: Launching mavenrun-6df49c96-095d-4d1e-bd94-6cf011cafcba] INFO  o.eclipse.m2e.core.internal.Bundles - getClasspathEntries(Bundle=org.apache.commons.commons-codec_1.16.0 [48])
2025-02-12 16:53:17,704 [Worker-18: Launching mavenrun-6df49c96-095d-4d1e-bd94-6cf011cafcba] INFO  o.eclipse.m2e.core.internal.Bundles - 	Entry: /home/oem/.p2/pool/plugins/org.apache.commons.commons-codec_1.16.0.jar
2025-02-12 16:53:17,704 [Worker-18: Launching mavenrun-6df49c96-095d-4d1e-bd94-6cf011cafcba] INFO  o.eclipse.m2e.core.internal.Bundles - getClasspathEntries(Bundle=org.apache.commons.lang3_3.14.0 [54])
2025-02-12 16:53:17,704 [Worker-18: Launching mavenrun-6df49c96-095d-4d1e-bd94-6cf011cafcba] INFO  o.eclipse.m2e.core.internal.Bundles - 	Entry: /home/oem/.p2/pool/plugins/org.apache.commons.lang3_3.14.0.jar
2025-02-12 16:53:17,704 [Worker-18: Launching mavenrun-6df49c96-095d-4d1e-bd94-6cf011cafcba] INFO  o.eclipse.m2e.core.internal.Bundles - getClasspathEntries(Bundle=com.google.guava.failureaccess_1.0.2 [11])
2025-02-12 16:53:17,704 [Worker-18: Launching mavenrun-6df49c96-095d-4d1e-bd94-6cf011cafcba] INFO  o.eclipse.m2e.core.internal.Bundles - 	Entry: /home/oem/.p2/pool/plugins/com.google.guava.failureaccess_1.0.2.jar
2025-02-12 16:53:17,710 [Worker-18: Launching mavenrun-6df49c96-095d-4d1e-bd94-6cf011cafcba] INFO  o.e.m.i.launch.MavenLaunchDelegate - Run build in "/tmp/m2e-archetypeGenerator9200235300575005166":
2025-02-12 16:53:17,713 [Worker-18: Launching mavenrun-6df49c96-095d-4d1e-bd94-6cf011cafcba] INFO  o.e.m.i.launch.MavenLaunchDelegate -  mvn  -DjavaCompilerVersion=17 -DjunitVersion=5.11.0 -DarchetypeGroupId=org.apache.maven.archetypes -DarchetypeArtifactId=maven-archetype-quickstart -DarchetypeVersion=1.5 -DgroupId=fr.deepLearning_02 -DartifactId=LinearRegression -Dversion=0.0.1-SNAPSHOT -Dpackage=fr.deepLearning_02.LinearRegression -DoutputDirectory=/home/oem/eclipse-workspace/Maven_projects/DeepLearning_02 -Dstyle.color=always -U archetype:generate
2025-02-12 16:53:30,254 [Worker-3: Creating maven-archetype-quickstart] INFO  o.e.m.c.i.p.ProjectConfigurationManager - Collecting project info '/pom.xml' /home/oem/eclipse-workspace/Maven_projects/DeepLearning_02/LinearRegression/pom.xml
2025-02-12 16:53:30,642 [Worker-3: Creating maven-archetype-quickstart] INFO  o.e.m.c.i.e.AbstractTransferListenerAdapter - Downloading https://repo.maven.apache.org/maven2/org/apache/maven/plugins/maven-clean-plugin/3.4.0/maven-clean-plugin-3.4.0.jar
2025-02-12 16:53:30,657 [Worker-3: Creating maven-archetype-quickstart] INFO  o.e.m.c.i.e.AbstractTransferListenerAdapter - Downloaded https://repo.maven.apache.org/maven2/org/apache/maven/plugins/maven-clean-plugin/3.4.0/maven-clean-plugin-3.4.0.jar
2025-02-12 16:53:30,736 [Worker-3: Creating maven-archetype-quickstart] INFO  o.e.m.c.i.e.AbstractTransferListenerAdapter - Downloading https://repo.maven.apache.org/maven2/org/apache/maven/plugins/maven-surefire-plugin/3.3.0/maven-surefire-plugin-3.3.0.jar
2025-02-12 16:53:30,780 [Worker-3: Creating maven-archetype-quickstart] INFO  o.e.m.c.i.e.AbstractTransferListenerAdapter - Downloaded https://repo.maven.apache.org/maven2/org/apache/maven/plugins/maven-surefire-plugin/3.3.0/maven-surefire-plugin-3.3.0.jar
2025-02-12 16:53:30,842 [Worker-3: Creating maven-archetype-quickstart] INFO  o.e.m.c.i.e.AbstractTransferListenerAdapter - Downloading https://repo.maven.apache.org/maven2/org/apache/maven/plugins/maven-jar-plugin/3.4.2/maven-jar-plugin-3.4.2.jar
2025-02-12 16:53:30,849 [Worker-3: Creating maven-archetype-quickstart] INFO  o.e.m.c.i.e.AbstractTransferListenerAdapter - Downloaded https://repo.maven.apache.org/maven2/org/apache/maven/plugins/maven-jar-plugin/3.4.2/maven-jar-plugin-3.4.2.jar
2025-02-12 16:53:30,921 [Worker-3: Creating maven-archetype-quickstart] INFO  o.e.m.c.i.e.AbstractTransferListenerAdapter - Downloading https://repo.maven.apache.org/maven2/org/apache/maven/plugins/maven-install-plugin/3.1.2/maven-install-plugin-3.1.2.jar
2025-02-12 16:53:30,953 [Worker-3: Creating maven-archetype-quickstart] INFO  o.e.m.c.i.e.AbstractTransferListenerAdapter - Downloaded https://repo.maven.apache.org/maven2/org/apache/maven/plugins/maven-install-plugin/3.1.2/maven-install-plugin-3.1.2.jar
2025-02-12 16:53:31,001 [Worker-3: Creating maven-archetype-quickstart] INFO  o.e.m.c.i.e.AbstractTransferListenerAdapter - Downloading https://repo.maven.apache.org/maven2/org/apache/maven/plugins/maven-deploy-plugin/3.1.2/maven-deploy-plugin-3.1.2.jar
2025-02-12 16:53:31,030 [Worker-3: Creating maven-archetype-quickstart] INFO  o.e.m.c.i.e.AbstractTransferListenerAdapter - Downloaded https://repo.maven.apache.org/maven2/org/apache/maven/plugins/maven-deploy-plugin/3.1.2/maven-deploy-plugin-3.1.2.jar
2025-02-12 16:53:31,224 [Worker-3: Creating maven-archetype-quickstart] INFO  o.e.m.c.i.l.LifecycleMappingFactory - Using org.eclipse.m2e.jdt.JarLifecycleMapping lifecycle mapping for MavenProject: fr.deepLearning_02:LinearRegression:0.0.1-SNAPSHOT @ /home/oem/eclipse-workspace/Maven_projects/DeepLearning_02/LinearRegression/pom.xml.
2025-02-12 16:53:31,322 [Worker-3: Creating maven-archetype-quickstart] INFO  o.e.m.c.i.e.AbstractTransferListenerAdapter - Downloading https://repo.maven.apache.org/maven2/org/junit/jupiter/junit-jupiter-api/5.11.0/junit-jupiter-api-5.11.0.pom
2025-02-12 16:53:31,323 [Worker-3: Creating maven-archetype-quickstart] INFO  o.e.m.c.i.e.AbstractTransferListenerAdapter - Downloaded https://repo.maven.apache.org/maven2/org/junit/jupiter/junit-jupiter-api/5.11.0/junit-jupiter-api-5.11.0.pom
2025-02-12 16:53:31,368 [Worker-3: Creating maven-archetype-quickstart] INFO  o.e.m.c.i.e.AbstractTransferListenerAdapter - Downloading https://repo.maven.apache.org/maven2/org/opentest4j/opentest4j/1.3.0/opentest4j-1.3.0.pom
2025-02-12 16:53:31,375 [Worker-3: Creating maven-archetype-quickstart] INFO  o.e.m.c.i.e.AbstractTransferListenerAdapter - Downloaded https://repo.maven.apache.org/maven2/org/opentest4j/opentest4j/1.3.0/opentest4j-1.3.0.pom
2025-02-12 16:53:31,441 [Worker-3: Creating maven-archetype-quickstart] INFO  o.e.m.c.i.e.AbstractTransferListenerAdapter - Downloading https://repo.maven.apache.org/maven2/org/junit/platform/junit-platform-commons/1.11.0/junit-platform-commons-1.11.0.pom
2025-02-12 16:53:31,442 [Worker-3: Creating maven-archetype-quickstart] INFO  o.e.m.c.i.e.AbstractTransferListenerAdapter - Downloaded https://repo.maven.apache.org/maven2/org/junit/platform/junit-platform-commons/1.11.0/junit-platform-commons-1.11.0.pom
2025-02-12 16:53:31,533 [Worker-3: Creating maven-archetype-quickstart] INFO  o.e.m.c.i.e.AbstractTransferListenerAdapter - Downloading https://repo.maven.apache.org/maven2/org/apiguardian/apiguardian-api/1.1.2/apiguardian-api-1.1.2.pom
2025-02-12 16:53:31,535 [Worker-3: Creating maven-archetype-quickstart] INFO  o.e.m.c.i.e.AbstractTransferListenerAdapter - Downloaded https://repo.maven.apache.org/maven2/org/apiguardian/apiguardian-api/1.1.2/apiguardian-api-1.1.2.pom
2025-02-12 16:53:31,611 [Worker-3: Creating maven-archetype-quickstart] INFO  o.e.m.c.i.e.AbstractTransferListenerAdapter - Downloading https://repo.maven.apache.org/maven2/org/junit/jupiter/junit-jupiter-params/5.11.0/junit-jupiter-params-5.11.0.pom
2025-02-12 16:53:31,613 [Worker-3: Creating maven-archetype-quickstart] INFO  o.e.m.c.i.e.AbstractTransferListenerAdapter - Downloaded https://repo.maven.apache.org/maven2/org/junit/jupiter/junit-jupiter-params/5.11.0/junit-jupiter-params-5.11.0.pom
2025-02-12 16:53:31,691 [Worker-3: Creating maven-archetype-quickstart] INFO  o.e.m.c.i.e.AbstractTransferListenerAdapter - Downloading https://repo.maven.apache.org/maven2/org/junit/jupiter/junit-jupiter-api/5.11.0/junit-jupiter-api-5.11.0.jar
2025-02-12 16:53:31,801 [Worker-3: Creating maven-archetype-quickstart] INFO  o.e.m.c.i.e.AbstractTransferListenerAdapter - Downloaded https://repo.maven.apache.org/maven2/org/junit/jupiter/junit-jupiter-api/5.11.0/junit-jupiter-api-5.11.0.jar
2025-02-12 16:53:31,854 [BasicRepositoryConnector-repo.maven.apache.org-0-1] INFO  o.e.m.c.i.e.AbstractTransferListenerAdapter - Downloading https://repo.maven.apache.org/maven2/org/junit/platform/junit-platform-commons/1.11.0/junit-platform-commons-1.11.0.jar
2025-02-12 16:53:31,971 [BasicRepositoryConnector-repo.maven.apache.org-0-1] INFO  o.e.m.c.i.e.AbstractTransferListenerAdapter - Downloaded https://repo.maven.apache.org/maven2/org/junit/platform/junit-platform-commons/1.11.0/junit-platform-commons-1.11.0.jar
2025-02-12 16:53:31,987 [BasicRepositoryConnector-repo.maven.apache.org-0-2] INFO  o.e.m.c.i.e.AbstractTransferListenerAdapter - Downloading https://repo.maven.apache.org/maven2/org/apiguardian/apiguardian-api/1.1.2/apiguardian-api-1.1.2.jar
2025-02-12 16:53:31,988 [BasicRepositoryConnector-repo.maven.apache.org-0-0] INFO  o.e.m.c.i.e.AbstractTransferListenerAdapter - Downloading https://repo.maven.apache.org/maven2/org/opentest4j/opentest4j/1.3.0/opentest4j-1.3.0.jar
2025-02-12 16:53:31,990 [BasicRepositoryConnector-repo.maven.apache.org-0-2] INFO  o.e.m.c.i.e.AbstractTransferListenerAdapter - Downloaded https://repo.maven.apache.org/maven2/org/apiguardian/apiguardian-api/1.1.2/apiguardian-api-1.1.2.jar
2025-02-12 16:53:31,992 [BasicRepositoryConnector-repo.maven.apache.org-0-3] INFO  o.e.m.c.i.e.AbstractTransferListenerAdapter - Downloading https://repo.maven.apache.org/maven2/org/junit/jupiter/junit-jupiter-params/5.11.0/junit-jupiter-params-5.11.0.jar
2025-02-12 16:53:31,996 [BasicRepositoryConnector-repo.maven.apache.org-0-0] INFO  o.e.m.c.i.e.AbstractTransferListenerAdapter - Downloaded https://repo.maven.apache.org/maven2/org/opentest4j/opentest4j/1.3.0/opentest4j-1.3.0.jar
2025-02-12 16:53:32,248 [BasicRepositoryConnector-repo.maven.apache.org-0-3] INFO  o.e.m.c.i.e.AbstractTransferListenerAdapter - Downloaded https://repo.maven.apache.org/maven2/org/junit/jupiter/junit-jupiter-params/5.11.0/junit-jupiter-params-5.11.0.jar
2025-02-12 16:53:32,336 [Worker-3: Creating maven-archetype-quickstart] INFO  o.e.m.c.i.e.AbstractTransferListenerAdapter - Downloading https://repo.maven.apache.org/maven2/org/apache/maven/plugins/maven-surefire-plugin/3.3.0/maven-surefire-plugin-3.3.0.pom
2025-02-12 16:53:32,340 [Worker-3: Creating maven-archetype-quickstart] INFO  o.e.m.c.i.e.AbstractTransferListenerAdapter - Downloaded https://repo.maven.apache.org/maven2/org/apache/maven/plugins/maven-surefire-plugin/3.3.0/maven-surefire-plugin-3.3.0.pom
2025-02-12 16:53:32,402 [Worker-3: Creating maven-archetype-quickstart] INFO  o.e.m.c.i.e.AbstractTransferListenerAdapter - Downloading https://repo.maven.apache.org/maven2/org/apache/maven/surefire/surefire/3.3.0/surefire-3.3.0.pom
2025-02-12 16:53:32,406 [Worker-3: Creating maven-archetype-quickstart] INFO  o.e.m.c.i.e.AbstractTransferListenerAdapter - Downloaded https://repo.maven.apache.org/maven2/org/apache/maven/surefire/surefire/3.3.0/surefire-3.3.0.pom
2025-02-12 16:53:32,494 [Worker-3: Creating maven-archetype-quickstart] INFO  o.e.m.c.i.e.AbstractTransferListenerAdapter - Downloading https://repo.maven.apache.org/maven2/org/apache/maven/plugins/maven-jar-plugin/3.4.2/maven-jar-plugin-3.4.2.pom
2025-02-12 16:53:32,500 [Worker-3: Creating maven-archetype-quickstart] INFO  o.e.m.c.i.e.AbstractTransferListenerAdapter - Downloaded https://repo.maven.apache.org/maven2/org/apache/maven/plugins/maven-jar-plugin/3.4.2/maven-jar-plugin-3.4.2.pom
2025-02-12 16:53:32,809 [Worker-3: Creating maven-archetype-quickstart] INFO  o.e.m.j.i.AbstractJavaProjectConfigurator - Adding source folder /LinearRegression/src/main/java
2025-02-12 16:53:32,811 [Worker-3: Creating maven-archetype-quickstart] INFO  o.e.m.j.i.AbstractJavaProjectConfigurator - Adding resource folder /LinearRegression/src/main/resources
2025-02-12 16:53:32,814 [Worker-3: Creating maven-archetype-quickstart] INFO  o.e.m.j.i.AbstractJavaProjectConfigurator - Adding source folder /LinearRegression/src/test/java
2025-02-12 16:53:32,814 [Worker-3: Creating maven-archetype-quickstart] INFO  o.e.m.j.i.AbstractJavaProjectConfigurator - Adding resource folder /LinearRegression/src/test/resources
2025-02-12 16:53:33,042 [Worker-3: Creating maven-archetype-quickstart] INFO  o.e.m.c.i.p.ProjectConfigurationManager - Imported and configured 1 project(s) in 2 sec
2025-02-12 16:53:33,651 [Worker-31: Building] INFO  o.a.m.s.f.DefaultMavenResourcesFiltering - skip non existing resourceDirectory /home/oem/eclipse-workspace/Maven_projects/DeepLearning_02/LinearRegression/src/main/resources
2025-02-12 16:53:33,655 [Worker-31: Building] INFO  o.a.m.s.f.DefaultMavenResourcesFiltering - skip non existing resourceDirectory /home/oem/eclipse-workspace/Maven_projects/DeepLearning_02/LinearRegression/src/test/resources
2025-02-12 16:53:33,987 [Worker-7: Download sources and javadoc] INFO  o.e.m.c.i.e.AbstractTransferListenerAdapter - Downloading https://repo.maven.apache.org/maven2/org/junit/jupiter/junit-jupiter-api/5.11.0/junit-jupiter-api-5.11.0-sources.jar
2025-02-12 16:53:34,161 [Worker-7: Download sources and javadoc] INFO  o.e.m.c.i.e.AbstractTransferListenerAdapter - Downloaded https://repo.maven.apache.org/maven2/org/junit/jupiter/junit-jupiter-api/5.11.0/junit-jupiter-api-5.11.0-sources.jar
2025-02-12 16:53:34,163 [Worker-7: Download sources and javadoc] INFO  o.e.m.j.internal.DownloadSourcesJob - Downloaded sources for org.junit.jupiter:junit-jupiter-api:5.11.0
2025-02-12 16:53:34,331 [Worker-7: Download sources and javadoc] INFO  o.e.m.c.i.e.AbstractTransferListenerAdapter - Downloading https://repo.maven.apache.org/maven2/org/opentest4j/opentest4j/1.3.0/opentest4j-1.3.0-sources.jar
2025-02-12 16:53:34,333 [Worker-7: Download sources and javadoc] INFO  o.e.m.c.i.e.AbstractTransferListenerAdapter - Downloaded https://repo.maven.apache.org/maven2/org/opentest4j/opentest4j/1.3.0/opentest4j-1.3.0-sources.jar
2025-02-12 16:53:34,334 [Worker-7: Download sources and javadoc] INFO  o.e.m.j.internal.DownloadSourcesJob - Downloaded sources for org.opentest4j:opentest4j:1.3.0
2025-02-12 16:53:34,561 [Worker-7: Download sources and javadoc] INFO  o.e.m.c.i.e.AbstractTransferListenerAdapter - Downloading https://repo.maven.apache.org/maven2/org/junit/platform/junit-platform-commons/1.11.0/junit-platform-commons-1.11.0-sources.jar
2025-02-12 16:53:34,739 [Worker-7: Download sources and javadoc] INFO  o.e.m.c.i.e.AbstractTransferListenerAdapter - Downloaded https://repo.maven.apache.org/maven2/org/junit/platform/junit-platform-commons/1.11.0/junit-platform-commons-1.11.0-sources.jar
2025-02-12 16:53:34,741 [Worker-7: Download sources and javadoc] INFO  o.e.m.j.internal.DownloadSourcesJob - Downloaded sources for org.junit.platform:junit-platform-commons:1.11.0
2025-02-12 16:53:34,961 [Worker-7: Download sources and javadoc] INFO  o.e.m.c.i.e.AbstractTransferListenerAdapter - Downloading https://repo.maven.apache.org/maven2/org/apiguardian/apiguardian-api/1.1.2/apiguardian-api-1.1.2-sources.jar
2025-02-12 16:53:34,969 [Worker-7: Download sources and javadoc] INFO  o.e.m.c.i.e.AbstractTransferListenerAdapter - Downloaded https://repo.maven.apache.org/maven2/org/apiguardian/apiguardian-api/1.1.2/apiguardian-api-1.1.2-sources.jar
2025-02-12 16:53:34,970 [Worker-7: Download sources and javadoc] INFO  o.e.m.j.internal.DownloadSourcesJob - Downloaded sources for org.apiguardian:apiguardian-api:1.1.2
2025-02-12 16:53:35,139 [Worker-7: Download sources and javadoc] INFO  o.e.m.c.i.e.AbstractTransferListenerAdapter - Downloading https://repo.maven.apache.org/maven2/org/junit/jupiter/junit-jupiter-params/5.11.0/junit-jupiter-params-5.11.0-sources.jar
2025-02-12 16:53:35,239 [Worker-7: Download sources and javadoc] INFO  o.e.m.c.i.e.AbstractTransferListenerAdapter - Downloaded https://repo.maven.apache.org/maven2/org/junit/jupiter/junit-jupiter-params/5.11.0/junit-jupiter-params-5.11.0-sources.jar
2025-02-12 16:53:35,241 [Worker-7: Download sources and javadoc] INFO  o.e.m.j.internal.DownloadSourcesJob - Downloaded sources for org.junit.jupiter:junit-jupiter-params:5.11.0
